<?xml version="1.0" encoding="UTF-8"?>
<!-- Generated by org.testng.reporters.JUnitReportReporter -->
<testsuite hostname="TazinsPc" failures="0" tests="1" name="com.runner.LogoutRunner$logoutRunner" time="0.247" errors="0" timestamp="04 Jan 2024 19:46:00 GMT" skipped="0">
  <testcase classname="com.runner.LogoutRunner$logoutRunner" name="runScenario" time="0.247"/>
</testsuite> <!-- com.runner.LogoutRunner$logoutRunner -->
