<?xml version="1.0" encoding="UTF-8"?>
<!-- Generated by org.testng.reporters.JUnitReportReporter -->
<testsuite hostname="TazinsPc" failures="0" tests="1" name="com.runner.loginRunner$LoginRunner" time="0.192" errors="0" timestamp="04 Jan 2024 15:23:32 GMT" skipped="0">
  <testcase classname="com.runner.loginRunner$LoginRunner" name="runScenario" time="0.192"/>
</testsuite> <!-- com.runner.loginRunner$LoginRunner -->
