<?xml version="1.0" encoding="UTF-8"?>
<!-- Generated by org.testng.reporters.JUnitReportReporter -->
<testsuite hostname="TazinsPc" failures="0" tests="1" name="com.runner.LoginRunner" time="0.267" errors="0" timestamp="07 Jan 2024 17:11:58 GMT" skipped="0">
  <testcase classname="com.runner.LoginRunner" name="runScenario" time="0.267"/>
</testsuite> <!-- com.runner.LoginRunner -->
