<?xml version="1.0" encoding="UTF-8"?>
<!-- Generated by org.testng.reporters.JUnitReportReporter -->
<testsuite hostname="TazinsPc" failures="0" tests="2" name="com.runner.RunnerTestSuite" time="0.183" errors="0" timestamp="04 Jan 2024 21:36:40 GMT" skipped="0">
  <testcase classname="com.runner.RunnerTestSuite" name="runScenario" time="0.168"/>
  <testcase classname="com.runner.RunnerTestSuite" name="runScenario" time="0.015"/>
</testsuite> <!-- com.runner.RunnerTestSuite -->
