<?xml version="1.0" encoding="UTF-8"?>
<!-- Generated by org.testng.reporters.JUnitReportReporter -->
<testsuite hostname="TazinsPc" failures="0" tests="1" name="com.runner.LogoutRunner" time="0.034" errors="0" timestamp="07 Jan 2024 01:46:13 GMT" skipped="0">
  <testcase classname="com.runner.LogoutRunner" name="runScenario" time="0.034"/>
</testsuite> <!-- com.runner.LogoutRunner -->
