<?xml version="1.0" encoding="UTF-8"?>
<!-- Generated by org.testng.reporters.JUnitReportReporter -->
<testsuite hostname="TazinsPc" failures="0" tests="2" name="com.runner.RunnerTestSuite" time="0.198" errors="0" timestamp="07 Jan 2024 22:28:55 GMT" skipped="0">
  <testcase classname="com.runner.RunnerTestSuite" name="runScenario" time="0.181"/>
  <testcase classname="com.runner.RunnerTestSuite" name="runScenario" time="0.017"/>
</testsuite> <!-- com.runner.RunnerTestSuite -->
